<?xml version="1.0" encoding="UTF-8"?>
<!-- Generated by org.testng.reporters.JUnitReportReporter -->
<testsuite hostname="Khyati" failures="0" tests="1" name="naukriLogin.naukriLoginPage" time="25.135" errors="0" timestamp="2025-06-15T21:37:27 IST" skipped="0">
  <testcase classname="naukriLogin.naukriLoginPage" name="uploadResumeTest" time="25.135"/>
</testsuite> <!-- naukriLogin.naukriLoginPage -->
