<?xml version="1.0" encoding="UTF-8"?>
<!-- Generated by org.testng.reporters.JUnitReportReporter -->
<testsuite hostname="Khyati" failures="0" tests="1" name="naukriLogin.naukriResumeUpdatePage" time="6.651" errors="0" timestamp="2025-06-15T20:41:13 IST" skipped="0">
  <testcase classname="naukriLogin.naukriResumeUpdatePage" name="uploadResumeTest" time="6.651"/>
</testsuite> <!-- naukriLogin.naukriResumeUpdatePage -->
